<?xml version="1.0" encoding="UTF-8"?>
<!-- Generated by org.testng.reporters.JUnitReportReporter -->
<testsuite skipped="0" hostname="Sumits-MacBook-Pro.local" name="test.LoginTest" tests="2" failures="0" timestamp="2022-08-10T07:25:53 IST" time="10.911" errors="0">
  <testcase name="LoginFailure" time="5.220" classname="test.LoginTest"/>
  <system-out/>
  <testcase name="SuccessfulLogin" time="5.691" classname="test.LoginTest"/>
  <system-out/>
</testsuite> <!-- test.LoginTest -->
