<?xml version="1.0" encoding="UTF-8"?>
<!-- Generated by org.testng.reporters.JUnitReportReporter -->
<testsuite hostname="Sumits-MacBook-Pro.local" failures="0" tests="2" name="test.LoginTest" time="10.167" errors="0" timestamp="2022-08-10T07:31:52 IST" skipped="0">
  <testcase classname="test.LoginTest" name="LoginFailure" time="3.419"/>
  <system-out/>
  <testcase classname="test.LoginTest" name="SuccessfulLogin" time="6.748"/>
  <system-out/>
</testsuite> <!-- test.LoginTest -->
